mktextfm TW-Sung
mktextfm TW-Sung
mktextfm TW-Sung
mktextfm TW-Sung/BI
mktextfm TW-Sung
mktextfm TW-Sung/B
mktextfm TW-Sung
mktextfm TW-Sung/I
mktextfm TW-Sung
mktextfm TW-Sung
mktextfm Cinzel
mktextfm Cinzel
mktextfm Cinzel
mktextfm Cinzel/BI
mktextfm Cinzel
mktextfm Cinzel/B
mktextfm Cinzel
mktextfm Cinzel/I
mktextfm Cinzel
mktextfm Cinzel
mktextfm Amiri/OT
mktextfm Amiri/OT
mktextfm Amiri/OT
mktextfm Amiri/BI/OT
mktextfm Amiri/OT
mktextfm Amiri/B/OT
mktextfm Amiri/OT
mktextfm Amiri/I/OT
mktextfm Amiri/OT
mktextfm Amiri/OT
mktextfm Cinzel
mktextfm Cinzel
mktextfm Cinzel
mktextfm Cinzel
mktextfm Cinzel
mktextfm Cinzel
mktextfm TW-Sung
mktextfm Amiri/OT
mktextfm Amiri/OT
mktextfm Amiri/OT
mktextfm Amiri/OT
mktextfm Amiri/BI/OT
mktextfm Amiri/OT
mktextfm Amiri/B/OT
mktextfm Amiri/OT
mktextfm Amiri/I/OT
mktextfm Amiri/OT
mktextfm Amiri/OT
mktextfm Amiri/OT
mktextfm Amiri/OT
mktextfm Amiri/OT
mktextfm TW-Sung
mktextfm TW-Sung
mktextfm TW-Sung
mktextfm TW-Sung/BI
mktextfm TW-Sung
mktextfm TW-Sung/B
mktextfm TW-Sung
mktextfm TW-Sung/I
mktextfm TW-Sung
mktextfm TW-Sung
mktextfm Cinzel
mktextfm Cinzel
mktextfm Cinzel
mktextfm Cinzel/BI
mktextfm Cinzel
mktextfm Cinzel/B
mktextfm Cinzel
mktextfm Cinzel/I
mktextfm Cinzel
mktextfm Cinzel
mktextfm Amiri/OT
mktextfm Amiri/OT
mktextfm Amiri/OT
mktextfm Amiri/BI/OT
mktextfm Amiri/OT
mktextfm Amiri/B/OT
mktextfm Amiri/OT
mktextfm Amiri/I/OT
mktextfm Amiri/OT
mktextfm Amiri/OT
mktextfm Cinzel
mktextfm Cinzel
mktextfm Cinzel
mktextfm Cinzel
mktextfm Cinzel
mktextfm Cinzel
mktextfm TW-Sung
mktextfm Amiri/OT
mktextfm Amiri/OT
mktextfm Amiri/OT
mktextfm Amiri/OT
mktextfm Amiri/BI/OT
mktextfm Amiri/OT
mktextfm Amiri/B/OT
mktextfm Amiri/OT
mktextfm Amiri/I/OT
mktextfm Amiri/OT
mktextfm Amiri/OT
mktextfm Amiri/OT
mktextfm Amiri/OT
mktextfm Amiri/OT
